<?xml version="1.0" encoding="UTF-8"?>
<!-- Generated by org.testng.reporters.JUnitXMLReporter -->
<testsuite ignored="0" hostname="Borse-Brothers" failures="1" tests="1" name="Test" time="0.911" errors="0" timestamp="2023-02-20T18:41:54 IST">
  <testcase classname="com.keytest.LoginTest" name="loginTest" time="0.837">
    <failure type="java.lang.NullPointerException" message="Cannot invoke &amp;quot;org.apache.poi.ss.usermodel.Sheet.getLastRowNum()&amp;quot; because &amp;quot;com.keyword.engine.KeywordEngine.sheet&amp;quot; is null">
      <![CDATA[java.lang.NullPointerException: Cannot invoke "org.apache.poi.ss.usermodel.Sheet.getLastRowNum()" because "com.keyword.engine.KeywordEngine.sheet" is null
at com.keyword.engine.KeywordEngine.startExecution(KeywordEngine.java:56)
at com.keytest.LoginTest.loginTest(LoginTest.java:12)
at java.base/java.util.ArrayList.forEach(ArrayList.java:1511)
... Removed 27 stack frames]]>
    </failure>
  </testcase> <!-- loginTest -->
</testsuite> <!-- Test -->
